<?xml version="1.0" encoding="UTF-8"?>
<testng-results skipped="0" failed="1" total="1" passed="0">
  <reporter-output>
  </reporter-output>
  <suite name="Default suite" duration-ms="73933" started-at="2020-05-19T17:54:07Z" finished-at="2020-05-19T17:55:21Z">
    <groups>
    </groups>
    <test name="Default test" duration-ms="73933" started-at="2020-05-19T17:54:07Z" finished-at="2020-05-19T17:55:21Z">
      <class name="halodock.test.ApiTestReponse">
        <test-method status="PASS" signature="setUp()[pri:0, instance:halodock.test.ApiTestReponse@169bb4dd]" name="setUp" is-config="true" duration-ms="6" started-at="2020-05-19T23:24:07Z" finished-at="2020-05-19T23:24:07Z">
          <reporter-output>
          </reporter-output>
        </test-method> <!-- setUp -->
        <test-method status="FAIL" signature="getWeatherLocationId()[pri:1, instance:halodock.test.ApiTestReponse@169bb4dd]" name="getWeatherLocationId" duration-ms="73909" started-at="2020-05-19T23:24:07Z" finished-at="2020-05-19T23:25:21Z">
          <exception class="com.google.gson.JsonSyntaxException">
            <message>
              <![CDATA[java.lang.IllegalStateException: Expected BEGIN_OBJECT but was BEGIN_ARRAY at line 1 column 2 path $]]>
            </message>
            <full-stacktrace>
              <![CDATA[com.google.gson.JsonSyntaxException: java.lang.IllegalStateException: Expected BEGIN_OBJECT but was BEGIN_ARRAY at line 1 column 2 path $
	at com.google.gson.internal.bind.ReflectiveTypeAdapterFactory$Adapter.read(ReflectiveTypeAdapterFactory.java:226)
	at com.google.gson.Gson.fromJson(Gson.java:927)
	at com.google.gson.Gson.fromJson(Gson.java:892)
	at com.google.gson.Gson.fromJson(Gson.java:841)
	at com.google.gson.Gson.fromJson(Gson.java:813)
	at halodock.test.ApiTestReponse.getWeatherLocationId(ApiTestReponse.java:56)
	at sun.reflect.NativeMethodAccessorImpl.invoke0(Native Method)
	at sun.reflect.NativeMethodAccessorImpl.invoke(NativeMethodAccessorImpl.java:62)
	at sun.reflect.DelegatingMethodAccessorImpl.invoke(DelegatingMethodAccessorImpl.java:43)
	at java.lang.reflect.Method.invoke(Method.java:498)
	at org.testng.internal.MethodInvocationHelper.invokeMethod(MethodInvocationHelper.java:86)
	at org.testng.internal.Invoker.invokeMethod(Invoker.java:643)
	at org.testng.internal.Invoker.invokeTestMethod(Invoker.java:820)
	at org.testng.internal.Invoker.invokeTestMethods(Invoker.java:1128)
	at org.testng.internal.TestMethodWorker.invokeTestMethods(TestMethodWorker.java:129)
	at org.testng.internal.TestMethodWorker.run(TestMethodWorker.java:112)
	at org.testng.TestRunner.privateRun(TestRunner.java:782)
	at org.testng.TestRunner.run(TestRunner.java:632)
	at org.testng.SuiteRunner.runTest(SuiteRunner.java:366)
	at org.testng.SuiteRunner.runSequentially(SuiteRunner.java:361)
	at org.testng.SuiteRunner.privateRun(SuiteRunner.java:319)
	at org.testng.SuiteRunner.run(SuiteRunner.java:268)
	at org.testng.SuiteRunnerWorker.runSuite(SuiteRunnerWorker.java:52)
	at org.testng.SuiteRunnerWorker.run(SuiteRunnerWorker.java:86)
	at org.testng.TestNG.runSuitesSequentially(TestNG.java:1244)
	at org.testng.TestNG.runSuitesLocally(TestNG.java:1169)
	at org.testng.TestNG.run(TestNG.java:1064)
	at org.testng.remote.AbstractRemoteTestNG.run(AbstractRemoteTestNG.java:115)
	at org.testng.remote.RemoteTestNG.initAndRun(RemoteTestNG.java:251)
	at org.testng.remote.RemoteTestNG.main(RemoteTestNG.java:77)
Caused by: java.lang.IllegalStateException: Expected BEGIN_OBJECT but was BEGIN_ARRAY at line 1 column 2 path $
	at com.google.gson.stream.JsonReader.beginObject(JsonReader.java:385)
	at com.google.gson.internal.bind.ReflectiveTypeAdapterFactory$Adapter.read(ReflectiveTypeAdapterFactory.java:215)
	... 29 more
]]>
            </full-stacktrace>
          </exception> <!-- com.google.gson.JsonSyntaxException -->
          <reporter-output>
          </reporter-output>
        </test-method> <!-- getWeatherLocationId -->
      </class> <!-- halodock.test.ApiTestReponse -->
    </test> <!-- Default test -->
  </suite> <!-- Default suite -->
</testng-results>
