<?xml version="1.0" encoding="UTF-8"?>
<testng-results skipped="0" failed="0" total="1" passed="1">
  <reporter-output>
  </reporter-output>
  <suite name="Default suite" duration-ms="44366" started-at="2020-06-04T06:18:44Z" finished-at="2020-06-04T06:19:29Z">
    <groups>
    </groups>
    <test name="Default test" duration-ms="44366" started-at="2020-06-04T06:18:44Z" finished-at="2020-06-04T06:19:29Z">
      <class name="halodock.test.ApiTestReponse">
        <test-method status="PASS" signature="setUp()[pri:0, instance:halodock.test.ApiTestReponse@7d3e8655]" name="setUp" is-config="true" duration-ms="5" started-at="2020-06-04T11:48:44Z" finished-at="2020-06-04T11:48:44Z">
          <reporter-output>
          </reporter-output>
        </test-method> <!-- setUp -->
        <test-method status="PASS" signature="getWeatherLocationId()[pri:1, instance:halodock.test.ApiTestReponse@7d3e8655]" name="getWeatherLocationId" duration-ms="44348" started-at="2020-06-04T11:48:44Z" finished-at="2020-06-04T11:49:29Z">
          <reporter-output>
          </reporter-output>
        </test-method> <!-- getWeatherLocationId -->
      </class> <!-- halodock.test.ApiTestReponse -->
    </test> <!-- Default test -->
  </suite> <!-- Default suite -->
</testng-results>
